<?xml version="1.0" encoding="UTF-8"?>
<!-- Generated by org.testng.reporters.JUnitReportReporter -->
<testsuite skipped="0" hostname="LAPTOP-T28VGUOL" name="test.TestBusquedaProducto" tests="9" failures="0" timestamp="2019-10-07T00:35:21 COT" time="23.344" errors="0">
  <testcase name="search_for" time="10.622" classname="test.TestBusquedaProducto"/>
  <testcase name="select_brand" time="0.777" classname="test.TestBusquedaProducto"/>
  <testcase name="select_size" time="3.941" classname="test.TestBusquedaProducto"/>
  <testcase name="print_the_number_of_results" time="3.103" classname="test.TestBusquedaProducto"/>
  <testcase name="order_by_price" time="1.430" classname="test.TestBusquedaProducto"/>
  <testcase name="assert_the_order_taking_the_first_results" time="3.469" classname="test.TestBusquedaProducto"/>
  <testcase name="the_first_products_with_their_prices_and_print_them_in_console" time="0.001" classname="test.TestBusquedaProducto"/>
  <testcase name="order_and_print_the_products_by_name_ascendant" time="0.001" classname="test.TestBusquedaProducto"/>
  <testcase name="order_and_print_the_products_by_price_in_descendant_mode" time="0.000" classname="test.TestBusquedaProducto"/>
</testsuite> <!-- test.TestBusquedaProducto -->
